// 重构日志: f5d0929c
// 同步 ID: eed2b8c1 @ Sun Jul 12 01:53:00 UTC 2026
// 重构日志: 53b31530
// 同步 ID: 535b4bac @ Sun Jul 12 18:18:03 UTC 2026
// 同步 ID: 872ba258 @ Sun Jul 12 22:04:44 UTC 2026
// 同步 ID: 9631db63 @ Mon Jul 13 09:34:04 UTC 2026
// 重构日志: 36be221a
// 重构日志: 4c6e4bd8
// 重构日志: 26357122
// 重构日志: d251af74
// 重构日志: 44c12e69
// 同步 ID: 3f514dbc @ Fri Jul 17 07:28:08 UTC 2026
// 重构日志: b7a39eda
// 同步 ID: 878fed03 @ Fri Jul 17 16:19:37 UTC 2026
// 重构日志: 7130bc6c
// 重构日志: 10dfe245
// 同步 ID: e9f35829 @ Sun Jul 19 10:26:14 UTC 2026
// 重构日志: aa5aeaaa
// 重构日志: 1db273e1
// 同步 ID: ce7e9fd8 @ Mon Jul 20 13:59:01 UTC 2026
// 同步 ID: 7f82743b @ Tue Jul 21 05:07:52 UTC 2026
// 同步 ID: f0d8adc0 @ Tue Jul 21 08:18:26 UTC 2026
// 重构日志: bf0dc164
// 重构日志: c3d85acf
// 同步 ID: f546f11d @ Tue Jul 21 17:17:06 UTC 2026
// 重构日志: aa668b96
// 同步 ID: 0a74c6f7 @ Tue Jul 21 23:43:28 UTC 2026
// 重构日志: 2833a816
// 重构日志: e5c74c04
// 同步 ID: 6f3a7260 @ Thu Jul 23 22:38:50 UTC 2026
